<?xml version="1.0" encoding="UTF-8"?>
<!-- Generated by org.testng.reporters.JUnitReportReporter -->
<testsuite skipped="0" hostname="Navaneeth" name="com.Flip.Test.FlipLogin" tests="1" failures="0" timestamp="25 Oct 2017 14:32:04 GMT" time="43.534" errors="0">
  <testcase name="f" time="43.534" classname="com.Flip.Test.FlipLogin"/>
</testsuite> <!-- com.Flip.Test.FlipLogin -->
